Compiled jquery.js  (3ms)  (pid 13938)
Compiled jquery_ujs.js  (0ms)  (pid 13938)
Compiled bootstrap-transition.js  (0ms)  (pid 13938)
Compiled bootstrap-alert.js  (0ms)  (pid 13938)
Compiled bootstrap-button.js  (0ms)  (pid 13938)
Compiled bootstrap-carousel.js  (0ms)  (pid 13938)
Compiled bootstrap-collapse.js  (0ms)  (pid 13938)
Compiled bootstrap-dropdown.js  (0ms)  (pid 13938)
Compiled bootstrap-modal.js  (0ms)  (pid 13938)
Compiled bootstrap-scrollspy.js  (0ms)  (pid 13938)
Compiled bootstrap-tab.js  (0ms)  (pid 13938)
Compiled bootstrap-tooltip.js  (0ms)  (pid 13938)
Compiled bootstrap-popover.js  (0ms)  (pid 13938)
Compiled bootstrap-typeahead.js  (0ms)  (pid 13938)
Compiled bootstrap.js  (161ms)  (pid 13938)
Compiled jquery-1.7.2.min.js  (2ms)  (pid 13938)
Compiled jquery.masonry.min.js  (0ms)  (pid 13938)
Compiled myposts.js  (136ms)  (pid 13938)
Compiled sessions.js  (1ms)  (pid 13938)
Compiled static_pages.js  (0ms)  (pid 13938)
Compiled users.js  (0ms)  (pid 13938)
Compiled application.js  (436ms)  (pid 13938)
Compiled custom.css  (2430ms)  (pid 13938)
Compiled myposts.css  (2ms)  (pid 13938)
Compiled scaffolds.css  (20ms)  (pid 13938)
Compiled sessions.css  (2ms)  (pid 13938)
Compiled static_pages.css  (2ms)  (pid 13938)
Compiled users.css  (2ms)  (pid 13938)
Compiled application.css  (2522ms)  (pid 13938)
Compiled jquery.js  (3ms)  (pid 13938)
Compiled jquery_ujs.js  (0ms)  (pid 13938)
Compiled bootstrap-transition.js  (0ms)  (pid 13938)
Compiled bootstrap-alert.js  (0ms)  (pid 13938)
Compiled bootstrap-button.js  (0ms)  (pid 13938)
Compiled bootstrap-carousel.js  (0ms)  (pid 13938)
Compiled bootstrap-collapse.js  (0ms)  (pid 13938)
Compiled bootstrap-dropdown.js  (0ms)  (pid 13938)
Compiled bootstrap-modal.js  (0ms)  (pid 13938)
Compiled bootstrap-scrollspy.js  (0ms)  (pid 13938)
Compiled bootstrap-tab.js  (0ms)  (pid 13938)
Compiled bootstrap-tooltip.js  (0ms)  (pid 13938)
Compiled bootstrap-popover.js  (0ms)  (pid 13938)
Compiled bootstrap-typeahead.js  (0ms)  (pid 13938)
Compiled bootstrap.js  (152ms)  (pid 13938)
Compiled jquery-1.7.2.min.js  (2ms)  (pid 13938)
Compiled jquery.masonry.min.js  (0ms)  (pid 13938)
Compiled myposts.js  (135ms)  (pid 13938)
Compiled sessions.js  (1ms)  (pid 13938)
Compiled static_pages.js  (0ms)  (pid 13938)
Compiled users.js  (0ms)  (pid 13938)
Compiled application.js  (417ms)  (pid 13938)
Compiled custom.css  (2390ms)  (pid 13938)
Compiled myposts.css  (2ms)  (pid 13938)
Compiled scaffolds.css  (20ms)  (pid 13938)
Compiled sessions.css  (2ms)  (pid 13938)
Compiled static_pages.css  (2ms)  (pid 13938)
Compiled users.css  (2ms)  (pid 13938)
Compiled application.css  (2476ms)  (pid 13938)
Connecting to database specified by database.yml
Migrating to CreateUsers (20120308032820)
Migrating to AddIndexToUsersEmail (20120308034224)
Migrating to AddPasswordDigestToUsers (20120308034454)
Migrating to AddRememberTokenToUsers (20120308054414)
Migrating to AddAdminToUsers (20120308193644)
Migrating to CreateMicroposts (20120308210452)
Migrating to CreateRelationships (20120308215846)
Migrating to CreatePinposts (20120701172937)
Migrating to AddImageToPinposts (20120704132044)
Migrating to CreateComments (20120711084142)
Migrating to CreateMyposts (20120712070122)
